Using pre-set license
Built from '2021.3/staging' branch; Version is '2021.3.24f1 (cf10dcf7010d) revision 13570268'; Using compiler version '192829333'; Build Type 'Release'
OS: 'Windows 11  (10.0.22631) 64bit Professional' Language: 'ru' Physical Memory: 16316 MB
BatchMode: 1, IsHumanControllingUs: 0, StartBugReporterOnCrash: 0, Is64bit: 1, IsPro: 1

COMMAND LINE ARGUMENTS:
D:\unity\2021.3.24f1\Editor\Unity.exe
-adb2
-batchMode
-noUpm
-name
AssetImportWorker2
-projectPath
D:/unity/2021.3.24f1/projects/secondgame
-logFile
Logs/AssetImportWorker2.log
-srvPort
56614
Successfully changed project path to: D:/unity/2021.3.24f1/projects/secondgame
D:/unity/2021.3.24f1/projects/secondgame
[UnityMemory] Configuration Parameters - Can be set up in boot.config
    "memorysetup-bucket-allocator-granularity=16"
    "memorysetup-bucket-allocator-bucket-count=8"
    "memorysetup-bucket-allocator-block-size=33554432"
    "memorysetup-bucket-allocator-block-count=8"
    "memorysetup-main-allocator-block-size=16777216"
    "memorysetup-thread-allocator-block-size=16777216"
    "memorysetup-gfx-main-allocator-block-size=16777216"
    "memorysetup-gfx-thread-allocator-block-size=16777216"
    "memorysetup-cache-allocator-block-size=4194304"
    "memorysetup-typetree-allocator-block-size=2097152"
    "memorysetup-profiler-bucket-allocator-granularity=16"
    "memorysetup-profiler-bucket-allocator-bucket-count=8"
    "memorysetup-profiler-bucket-allocator-block-size=33554432"
    "memorysetup-profiler-bucket-allocator-block-count=8"
    "memorysetup-profiler-allocator-block-size=16777216"
    "memorysetup-profiler-editor-allocator-block-size=1048576"
    "memorysetup-temp-allocator-size-main=16777216"
    "memorysetup-job-temp-allocator-block-size=2097152"
    "memorysetup-job-temp-allocator-block-size-background=1048576"
    "memorysetup-job-temp-allocator-reduction-small-platforms=262144"
    "memorysetup-temp-allocator-size-background-worker=32768"
    "memorysetup-temp-allocator-size-job-worker=262144"
    "memorysetup-temp-allocator-size-preload-manager=33554432"
    "memorysetup-temp-allocator-size-nav-mesh-worker=65536"
    "memorysetup-temp-allocator-size-audio-worker=65536"
    "memorysetup-temp-allocator-size-cloud-worker=32768"
    "memorysetup-temp-allocator-size-gi-baking-worker=262144"
    "memorysetup-temp-allocator-size-gfx=262144"
Player connection [147036] Host "[IP] 192.168.3.186 [Port] 0 [Flags] 2 [Guid] 1142906741 [EditorId] 1142906741 [Version] 1048832 [Id] WindowsEditor(7,windows) [Debug] 1 [PackageName] WindowsEditor [ProjectName] Editor" joined multi-casting on [225.0.0.222:54997]...

Player connection [147036] Host "[IP] 192.168.3.186 [Port] 0 [Flags] 2 [Guid] 1142906741 [EditorId] 1142906741 [Version] 1048832 [Id] WindowsEditor(7,windows) [Debug] 1 [PackageName] WindowsEditor [ProjectName] Editor" joined alternative multi-casting on [225.0.0.222:34997]...

Refreshing native plugins compatible for Editor in 101.14 ms, found 3 plugins.
Preloading 0 native plugins for Editor in 0.00 ms.
Initialize engine version: 2021.3.24f1 (cf10dcf7010d)
[Subsystems] Discovering subsystems at path D:/unity/2021.3.24f1/Editor/Data/Resources/UnitySubsystems
[Subsystems] Discovering subsystems at path D:/unity/2021.3.24f1/projects/secondgame/Assets
GfxDevice: creating device client; threaded=0; jobified=0
Direct3D:
    Version:  Direct3D 11.0 [level 11.1]
    Renderer: NVIDIA GeForce GTX 1660 SUPER (ID=0x21c4)
    Vendor:   NVIDIA
    VRAM:     5981 MB
    Driver:   31.0.15.4584
Initialize mono
Mono path[0] = 'D:/unity/2021.3.24f1/Editor/Data/Managed'
Mono path[1] = 'D:/unity/2021.3.24f1/Editor/Data/MonoBleedingEdge/lib/mono/unityjit-win32'
Mono config path = 'D:/unity/2021.3.24f1/Editor/Data/MonoBleedingEdge/etc'
Using monoOptions --debugger-agent=transport=dt_socket,embedding=1,server=y,suspend=n,address=127.0.0.1:56924
Begin MonoManager ReloadAssembly
Registering precompiled unity dll's ...
Register platform support module: D:/unity/2021.3.24f1/Editor/Data/PlaybackEngines/WebGLSupport/UnityEditor.WebGL.Extensions.dll
Register platform support module: D:/unity/2021.3.24f1/Editor/Data/PlaybackEngines/WindowsStandaloneSupport/UnityEditor.WindowsStandalone.Extensions.dll
Registered in 0.001830 seconds.
Native extension for WindowsStandalone target not found
Native extension for WebGL target not found
Refreshing native plugins compatible for Editor in 86.61 ms, found 3 plugins.
Preloading 0 native plugins for Editor in 0.00 ms.
Mono: successfully reloaded assembly
- Completed reload, in  0.631 seconds
Domain Reload Profiling:
	ReloadAssembly (632ms)
		BeginReloadAssembly (78ms)
			ExecutionOrderSort (0ms)
			DisableScriptedObjects (0ms)
			BackupInstance (0ms)
			ReleaseScriptingObjects (0ms)
			CreateAndSetChildDomain (1ms)
		EndReloadAssembly (462ms)
			LoadAssemblies (78ms)
			RebuildTransferFunctionScriptingTraits (0ms)
			SetupTypeCache (114ms)
			ReleaseScriptCaches (0ms)
			RebuildScriptCaches (30ms)
			SetupLoadedEditorAssemblies (271ms)
				LogAssemblyErrors (0ms)
				InitializePlatformSupportModulesInManaged (7ms)
				SetLoadedEditorAssemblies (0ms)
				RefreshPlugins (87ms)
				BeforeProcessingInitializeOnLoad (1ms)
				ProcessInitializeOnLoadAttributes (130ms)
				ProcessInitializeOnLoadMethodAttributes (46ms)
				AfterProcessingInitializeOnLoad (0ms)
				EditorAssembliesLoaded (0ms)
			ExecutionOrderSort2 (0ms)
			AwakeInstancesAfterBackupRestoration (0ms)
Platform modules already initialized, skipping
Registering precompiled user dll's ...
Registered in 0.004224 seconds.
Begin MonoManager ReloadAssembly
Symbol file LoadedFromMemory doesn't match image D:\unity\2021.3.24f1\projects\secondgame\Library\PackageCache\com.unity.visualscripting@1.8.0\Editor\VisualScripting.Core\Dependencies\YamlDotNet\Unity.VisualScripting.YamlDotNet.dll
Symbol file LoadedFromMemory doesn't match image D:\unity\2021.3.24f1\projects\secondgame\Library\PackageCache\com.unity.visualscripting@1.8.0\Editor\VisualScripting.Core\Dependencies\DotNetZip\Unity.VisualScripting.IonicZip.dll
Native extension for WindowsStandalone target not found
Native extension for WebGL target not found
Refreshing native plugins compatible for Editor in 1.67 ms, found 3 plugins.
Preloading 0 native plugins for Editor in 0.00 ms.
Mono: successfully reloaded assembly
- Completed reload, in  1.437 seconds
Domain Reload Profiling:
	ReloadAssembly (1438ms)
		BeginReloadAssembly (157ms)
			ExecutionOrderSort (0ms)
			DisableScriptedObjects (9ms)
			BackupInstance (0ms)
			ReleaseScriptingObjects (0ms)
			CreateAndSetChildDomain (30ms)
		EndReloadAssembly (1115ms)
			LoadAssemblies (119ms)
			RebuildTransferFunctionScriptingTraits (0ms)
			SetupTypeCache (468ms)
			ReleaseScriptCaches (1ms)
			RebuildScriptCaches (101ms)
			SetupLoadedEditorAssemblies (376ms)
				LogAssemblyErrors (0ms)
				InitializePlatformSupportModulesInManaged (8ms)
				SetLoadedEditorAssemblies (1ms)
				RefreshPlugins (2ms)
				BeforeProcessingInitializeOnLoad (86ms)
				ProcessInitializeOnLoadAttributes (247ms)
				ProcessInitializeOnLoadMethodAttributes (29ms)
				AfterProcessingInitializeOnLoad (3ms)
				EditorAssembliesLoaded (0ms)
			ExecutionOrderSort2 (0ms)
			AwakeInstancesAfterBackupRestoration (7ms)
Platform modules already initialized, skipping
========================================================================
Worker process is ready to serve import requests
Launched and connected shader compiler UnityShaderCompiler.exe after 0.16 seconds
Refreshing native plugins compatible for Editor in 0.81 ms, found 3 plugins.
Preloading 0 native plugins for Editor in 0.00 ms.
Unloading 3297 Unused Serialized files (Serialized files now loaded: 0)
Unloading 29 unused Assets / (0.7 MB). Loaded Objects now: 3759.
Memory consumption went from 122.2 MB to 121.5 MB.
Total: 3.426200 ms (FindLiveObjects: 0.324300 ms CreateObjectMapping: 0.205800 ms MarkObjects: 2.575500 ms  DeleteObjects: 0.319800 ms)

AssetImportParameters requested are different than current active one (requested -> active):
  custom:video-decoder-ogg-theora: a1e56fd34408186e4bbccfd4996cb3dc -> 
  custom:container-muxer-webm: aa71ff27fc2769a1b78a27578f13a17b -> 
  custom:container-demuxer-webm: 4f35f7cbe854078d1ac9338744f61a02 -> 
  custom:video-encoder-webm-vp8: eb34c28f22e8b96e1ab97ce403110664 -> 
  custom:video-codec-MediaFoundation-h265: 746d11721c4dcdbdad8f713fa42b33f4 -> 
  custom:audio-encoder-webm-vorbis: bf7c407c2cedff20999df2af8eb42d56 -> 
  custom:framework-win-MediaFoundation: 216162199b28c13a410421893ffa2e32 -> 
  custom:container-demuxer-ogg: 62fdf1f143b41e24485cea50d1cbac27 -> 
  custom:video-decoder-webm-vp8: 9c59270c3fd7afecdb556c50c9e8de78 -> 
  custom:audio-decoder-ogg-vorbis: bf7c407c2cedff20999df2af8eb42d56 -> 
========================================================================
Received Prepare
Registering precompiled user dll's ...
Registered in 0.004357 seconds.
Begin MonoManager ReloadAssembly
Symbol file LoadedFromMemory doesn't match image D:\unity\2021.3.24f1\projects\secondgame\Library\PackageCache\com.unity.visualscripting@1.8.0\Editor\VisualScripting.Core\Dependencies\YamlDotNet\Unity.VisualScripting.YamlDotNet.dll
Symbol file LoadedFromMemory doesn't match image D:\unity\2021.3.24f1\projects\secondgame\Library\PackageCache\com.unity.visualscripting@1.8.0\Editor\VisualScripting.Core\Dependencies\DotNetZip\Unity.VisualScripting.IonicZip.dll
Native extension for WindowsStandalone target not found
Native extension for WebGL target not found
Refreshing native plugins compatible for Editor in 0.74 ms, found 3 plugins.
Preloading 0 native plugins for Editor in 0.00 ms.
Mono: successfully reloaded assembly
- Completed reload, in  1.097 seconds
Domain Reload Profiling:
	ReloadAssembly (1097ms)
		BeginReloadAssembly (161ms)
			ExecutionOrderSort (0ms)
			DisableScriptedObjects (9ms)
			BackupInstance (0ms)
			ReleaseScriptingObjects (0ms)
			CreateAndSetChildDomain (42ms)
		EndReloadAssembly (831ms)
			LoadAssemblies (103ms)
			RebuildTransferFunctionScriptingTraits (0ms)
			SetupTypeCache (370ms)
			ReleaseScriptCaches (1ms)
			RebuildScriptCaches (43ms)
			SetupLoadedEditorAssemblies (287ms)
				LogAssemblyErrors (0ms)
				InitializePlatformSupportModulesInManaged (5ms)
				SetLoadedEditorAssemblies (0ms)
				RefreshPlugins (1ms)
				BeforeProcessingInitializeOnLoad (55ms)
				ProcessInitializeOnLoadAttributes (204ms)
				ProcessInitializeOnLoadMethodAttributes (20ms)
				AfterProcessingInitializeOnLoad (2ms)
				EditorAssembliesLoaded (0ms)
			ExecutionOrderSort2 (0ms)
			AwakeInstancesAfterBackupRestoration (6ms)
Platform modules already initialized, skipping
Refreshing native plugins compatible for Editor in 1.61 ms, found 3 plugins.
Preloading 0 native plugins for Editor in 0.00 ms.
Unloading 3287 Unused Serialized files (Serialized files now loaded: 0)
Unloading 22 unused Assets / (0.7 MB). Loaded Objects now: 3763.
Memory consumption went from 121.2 MB to 120.5 MB.
Total: 2.938900 ms (FindLiveObjects: 0.262500 ms CreateObjectMapping: 0.155700 ms MarkObjects: 2.240100 ms  DeleteObjects: 0.279900 ms)

AssetImportParameters requested are different than current active one (requested -> active):
  custom:video-decoder-ogg-theora: a1e56fd34408186e4bbccfd4996cb3dc -> 
  custom:container-muxer-webm: aa71ff27fc2769a1b78a27578f13a17b -> 
  custom:container-demuxer-webm: 4f35f7cbe854078d1ac9338744f61a02 -> 
  custom:video-encoder-webm-vp8: eb34c28f22e8b96e1ab97ce403110664 -> 
  custom:video-codec-MediaFoundation-h265: 746d11721c4dcdbdad8f713fa42b33f4 -> 
  custom:audio-encoder-webm-vorbis: bf7c407c2cedff20999df2af8eb42d56 -> 
  custom:framework-win-MediaFoundation: 216162199b28c13a410421893ffa2e32 -> 
  custom:container-demuxer-ogg: 62fdf1f143b41e24485cea50d1cbac27 -> 
  custom:video-decoder-webm-vp8: 9c59270c3fd7afecdb556c50c9e8de78 -> 
  custom:audio-decoder-ogg-vorbis: bf7c407c2cedff20999df2af8eb42d56 -> 
========================================================================
Received Import Request.
  Time since last request: 87703.928706 seconds.
  path: Assets/Resources/Player.prefab
  artifactKey: Guid(9d93e7f265a8f3249a1724afc175812e) Importer(815301076,1909f56bfc062723c751e8b465ee728b)
Start importing Assets/Resources/Player.prefab using Guid(9d93e7f265a8f3249a1724afc175812e) Importer(815301076,1909f56bfc062723c751e8b465ee728b)  -> (artifact id: '0acb9690f6e00032713635edb2a2b60b') in 0.213874 seconds 
========================================================================
Received Prepare
Registering precompiled user dll's ...
Registered in 0.005994 seconds.
Begin MonoManager ReloadAssembly
Symbol file LoadedFromMemory doesn't match image D:\unity\2021.3.24f1\projects\secondgame\Library\PackageCache\com.unity.visualscripting@1.8.0\Editor\VisualScripting.Core\Dependencies\YamlDotNet\Unity.VisualScripting.YamlDotNet.dll
Symbol file LoadedFromMemory doesn't match image D:\unity\2021.3.24f1\projects\secondgame\Library\PackageCache\com.unity.visualscripting@1.8.0\Editor\VisualScripting.Core\Dependencies\DotNetZip\Unity.VisualScripting.IonicZip.dll
Native extension for WindowsStandalone target not found
Native extension for WebGL target not found
Refreshing native plugins compatible for Editor in 0.94 ms, found 3 plugins.
Preloading 0 native plugins for Editor in 0.00 ms.
Mono: successfully reloaded assembly
- Completed reload, in  1.398 seconds
Domain Reload Profiling:
	ReloadAssembly (1399ms)
		BeginReloadAssembly (182ms)
			ExecutionOrderSort (0ms)
			DisableScriptedObjects (5ms)
			BackupInstance (0ms)
			ReleaseScriptingObjects (0ms)
			CreateAndSetChildDomain (50ms)
		EndReloadAssembly (1108ms)
			LoadAssemblies (125ms)
			RebuildTransferFunctionScriptingTraits (0ms)
			SetupTypeCache (493ms)
			ReleaseScriptCaches (2ms)
			RebuildScriptCaches (60ms)
			SetupLoadedEditorAssemblies (402ms)
				LogAssemblyErrors (0ms)
				InitializePlatformSupportModulesInManaged (6ms)
				SetLoadedEditorAssemblies (1ms)
				RefreshPlugins (1ms)
				BeforeProcessingInitializeOnLoad (69ms)
				ProcessInitializeOnLoadAttributes (298ms)
				ProcessInitializeOnLoadMethodAttributes (24ms)
				AfterProcessingInitializeOnLoad (2ms)
				EditorAssembliesLoaded (0ms)
			ExecutionOrderSort2 (0ms)
			AwakeInstancesAfterBackupRestoration (7ms)
Platform modules already initialized, skipping
Refreshing native plugins compatible for Editor in 1.70 ms, found 3 plugins.
Preloading 0 native plugins for Editor in 0.00 ms.
Unloading 3287 Unused Serialized files (Serialized files now loaded: 0)
Unloading 22 unused Assets / (0.7 MB). Loaded Objects now: 3778.
Memory consumption went from 125.7 MB to 124.9 MB.
Total: 3.322300 ms (FindLiveObjects: 0.273600 ms CreateObjectMapping: 0.157600 ms MarkObjects: 2.576100 ms  DeleteObjects: 0.313400 ms)

AssetImportParameters requested are different than current active one (requested -> active):
  custom:video-decoder-ogg-theora: a1e56fd34408186e4bbccfd4996cb3dc -> 
  custom:container-muxer-webm: aa71ff27fc2769a1b78a27578f13a17b -> 
  custom:container-demuxer-webm: 4f35f7cbe854078d1ac9338744f61a02 -> 
  custom:video-encoder-webm-vp8: eb34c28f22e8b96e1ab97ce403110664 -> 
  custom:video-codec-MediaFoundation-h265: 746d11721c4dcdbdad8f713fa42b33f4 -> 
  custom:audio-encoder-webm-vorbis: bf7c407c2cedff20999df2af8eb42d56 -> 
  custom:framework-win-MediaFoundation: 216162199b28c13a410421893ffa2e32 -> 
  custom:container-demuxer-ogg: 62fdf1f143b41e24485cea50d1cbac27 -> 
  custom:video-decoder-webm-vp8: 9c59270c3fd7afecdb556c50c9e8de78 -> 
  custom:audio-decoder-ogg-vorbis: bf7c407c2cedff20999df2af8eb42d56 -> 
========================================================================
Received Prepare
Registering precompiled user dll's ...
Registered in 0.004153 seconds.
Begin MonoManager ReloadAssembly
Symbol file LoadedFromMemory doesn't match image D:\unity\2021.3.24f1\projects\secondgame\Library\PackageCache\com.unity.visualscripting@1.8.0\Editor\VisualScripting.Core\Dependencies\YamlDotNet\Unity.VisualScripting.YamlDotNet.dll
Symbol file LoadedFromMemory doesn't match image D:\unity\2021.3.24f1\projects\secondgame\Library\PackageCache\com.unity.visualscripting@1.8.0\Editor\VisualScripting.Core\Dependencies\DotNetZip\Unity.VisualScripting.IonicZip.dll
Native extension for WindowsStandalone target not found
Native extension for WebGL target not found
Refreshing native plugins compatible for Editor in 1.29 ms, found 3 plugins.
Preloading 0 native plugins for Editor in 0.00 ms.
Mono: successfully reloaded assembly
- Completed reload, in  1.421 seconds
Domain Reload Profiling:
	ReloadAssembly (1422ms)
		BeginReloadAssembly (205ms)
			ExecutionOrderSort (0ms)
			DisableScriptedObjects (8ms)
			BackupInstance (0ms)
			ReleaseScriptingObjects (0ms)
			CreateAndSetChildDomain (47ms)
		EndReloadAssembly (1059ms)
			LoadAssemblies (150ms)
			RebuildTransferFunctionScriptingTraits (0ms)
			SetupTypeCache (460ms)
			ReleaseScriptCaches (4ms)
			RebuildScriptCaches (85ms)
			SetupLoadedEditorAssemblies (343ms)
				LogAssemblyErrors (0ms)
				InitializePlatformSupportModulesInManaged (7ms)
				SetLoadedEditorAssemblies (1ms)
				RefreshPlugins (1ms)
				BeforeProcessingInitializeOnLoad (67ms)
				ProcessInitializeOnLoadAttributes (242ms)
				ProcessInitializeOnLoadMethodAttributes (23ms)
				AfterProcessingInitializeOnLoad (2ms)
				EditorAssembliesLoaded (0ms)
			ExecutionOrderSort2 (0ms)
			AwakeInstancesAfterBackupRestoration (6ms)
Platform modules already initialized, skipping
Refreshing native plugins compatible for Editor in 2.00 ms, found 3 plugins.
Preloading 0 native plugins for Editor in 0.00 ms.
Unloading 3287 Unused Serialized files (Serialized files now loaded: 0)
Unloading 22 unused Assets / (0.7 MB). Loaded Objects now: 3782.
Memory consumption went from 125.7 MB to 124.9 MB.
Total: 3.540200 ms (FindLiveObjects: 0.377700 ms CreateObjectMapping: 0.211600 ms MarkObjects: 2.501500 ms  DeleteObjects: 0.447800 ms)

AssetImportParameters requested are different than current active one (requested -> active):
  custom:video-decoder-ogg-theora: a1e56fd34408186e4bbccfd4996cb3dc -> 
  custom:container-muxer-webm: aa71ff27fc2769a1b78a27578f13a17b -> 
  custom:container-demuxer-webm: 4f35f7cbe854078d1ac9338744f61a02 -> 
  custom:video-encoder-webm-vp8: eb34c28f22e8b96e1ab97ce403110664 -> 
  custom:video-codec-MediaFoundation-h265: 746d11721c4dcdbdad8f713fa42b33f4 -> 
  custom:audio-encoder-webm-vorbis: bf7c407c2cedff20999df2af8eb42d56 -> 
  custom:framework-win-MediaFoundation: 216162199b28c13a410421893ffa2e32 -> 
  custom:container-demuxer-ogg: 62fdf1f143b41e24485cea50d1cbac27 -> 
  custom:video-decoder-webm-vp8: 9c59270c3fd7afecdb556c50c9e8de78 -> 
  custom:audio-decoder-ogg-vorbis: bf7c407c2cedff20999df2af8eb42d56 -> 
========================================================================
Received Prepare
Registering precompiled user dll's ...
Registered in 0.004476 seconds.
Begin MonoManager ReloadAssembly
Symbol file LoadedFromMemory doesn't match image D:\unity\2021.3.24f1\projects\secondgame\Library\PackageCache\com.unity.visualscripting@1.8.0\Editor\VisualScripting.Core\Dependencies\YamlDotNet\Unity.VisualScripting.YamlDotNet.dll
Symbol file LoadedFromMemory doesn't match image D:\unity\2021.3.24f1\projects\secondgame\Library\PackageCache\com.unity.visualscripting@1.8.0\Editor\VisualScripting.Core\Dependencies\DotNetZip\Unity.VisualScripting.IonicZip.dll
Native extension for WindowsStandalone target not found
Native extension for WebGL target not found
Refreshing native plugins compatible for Editor in 1.26 ms, found 3 plugins.
Preloading 0 native plugins for Editor in 0.00 ms.
Mono: successfully reloaded assembly
- Completed reload, in  1.445 seconds
Domain Reload Profiling:
	ReloadAssembly (1446ms)
		BeginReloadAssembly (251ms)
			ExecutionOrderSort (0ms)
			DisableScriptedObjects (7ms)
			BackupInstance (0ms)
			ReleaseScriptingObjects (0ms)
			CreateAndSetChildDomain (47ms)
		EndReloadAssembly (1083ms)
			LoadAssemblies (187ms)
			RebuildTransferFunctionScriptingTraits (0ms)
			SetupTypeCache (363ms)
			ReleaseScriptCaches (1ms)
			RebuildScriptCaches (53ms)
			SetupLoadedEditorAssemblies (514ms)
				LogAssemblyErrors (0ms)
				InitializePlatformSupportModulesInManaged (6ms)
				SetLoadedEditorAssemblies (1ms)
				RefreshPlugins (1ms)
				BeforeProcessingInitializeOnLoad (79ms)
				ProcessInitializeOnLoadAttributes (391ms)
				ProcessInitializeOnLoadMethodAttributes (32ms)
				AfterProcessingInitializeOnLoad (4ms)
				EditorAssembliesLoaded (0ms)
			ExecutionOrderSort2 (0ms)
			AwakeInstancesAfterBackupRestoration (9ms)
Platform modules already initialized, skipping
Refreshing native plugins compatible for Editor in 2.62 ms, found 3 plugins.
Preloading 0 native plugins for Editor in 0.00 ms.
Unloading 3287 Unused Serialized files (Serialized files now loaded: 0)
Unloading 22 unused Assets / (0.7 MB). Loaded Objects now: 3786.
Memory consumption went from 125.7 MB to 125.0 MB.
Total: 4.417000 ms (FindLiveObjects: 0.330600 ms CreateObjectMapping: 0.207400 ms MarkObjects: 3.492200 ms  DeleteObjects: 0.385400 ms)

AssetImportParameters requested are different than current active one (requested -> active):
  custom:video-decoder-ogg-theora: a1e56fd34408186e4bbccfd4996cb3dc -> 
  custom:container-muxer-webm: aa71ff27fc2769a1b78a27578f13a17b -> 
  custom:container-demuxer-webm: 4f35f7cbe854078d1ac9338744f61a02 -> 
  custom:video-encoder-webm-vp8: eb34c28f22e8b96e1ab97ce403110664 -> 
  custom:video-codec-MediaFoundation-h265: 746d11721c4dcdbdad8f713fa42b33f4 -> 
  custom:audio-encoder-webm-vorbis: bf7c407c2cedff20999df2af8eb42d56 -> 
  custom:framework-win-MediaFoundation: 216162199b28c13a410421893ffa2e32 -> 
  custom:container-demuxer-ogg: 62fdf1f143b41e24485cea50d1cbac27 -> 
  custom:video-decoder-webm-vp8: 9c59270c3fd7afecdb556c50c9e8de78 -> 
  custom:audio-decoder-ogg-vorbis: bf7c407c2cedff20999df2af8eb42d56 -> 
========================================================================
Received Prepare
Registering precompiled user dll's ...
Registered in 0.005027 seconds.
Begin MonoManager ReloadAssembly
Symbol file LoadedFromMemory doesn't match image D:\unity\2021.3.24f1\projects\secondgame\Library\PackageCache\com.unity.visualscripting@1.8.0\Editor\VisualScripting.Core\Dependencies\YamlDotNet\Unity.VisualScripting.YamlDotNet.dll
Symbol file LoadedFromMemory doesn't match image D:\unity\2021.3.24f1\projects\secondgame\Library\PackageCache\com.unity.visualscripting@1.8.0\Editor\VisualScripting.Core\Dependencies\DotNetZip\Unity.VisualScripting.IonicZip.dll
Native extension for WindowsStandalone target not found
Native extension for WebGL target not found
Refreshing native plugins compatible for Editor in 0.86 ms, found 3 plugins.
Preloading 0 native plugins for Editor in 0.00 ms.
Mono: successfully reloaded assembly
- Completed reload, in  1.207 seconds
Domain Reload Profiling:
	ReloadAssembly (1207ms)
		BeginReloadAssembly (183ms)
			ExecutionOrderSort (0ms)
			DisableScriptedObjects (6ms)
			BackupInstance (0ms)
			ReleaseScriptingObjects (0ms)
			CreateAndSetChildDomain (51ms)
		EndReloadAssembly (909ms)
			LoadAssemblies (114ms)
			RebuildTransferFunctionScriptingTraits (0ms)
			SetupTypeCache (385ms)
			ReleaseScriptCaches (2ms)
			RebuildScriptCaches (48ms)
			SetupLoadedEditorAssemblies (346ms)
				LogAssemblyErrors (0ms)
				InitializePlatformSupportModulesInManaged (6ms)
				SetLoadedEditorAssemblies (0ms)
				RefreshPlugins (1ms)
				BeforeProcessingInitializeOnLoad (66ms)
				ProcessInitializeOnLoadAttributes (235ms)
				ProcessInitializeOnLoadMethodAttributes (34ms)
				AfterProcessingInitializeOnLoad (3ms)
				EditorAssembliesLoaded (0ms)
			ExecutionOrderSort2 (0ms)
			AwakeInstancesAfterBackupRestoration (8ms)
Platform modules already initialized, skipping
Refreshing native plugins compatible for Editor in 2.33 ms, found 3 plugins.
Preloading 0 native plugins for Editor in 0.00 ms.
Unloading 3287 Unused Serialized files (Serialized files now loaded: 0)
Unloading 22 unused Assets / (0.7 MB). Loaded Objects now: 3790.
Memory consumption went from 125.7 MB to 125.0 MB.
Total: 2.954200 ms (FindLiveObjects: 0.258500 ms CreateObjectMapping: 0.160300 ms MarkObjects: 2.235500 ms  DeleteObjects: 0.299100 ms)

AssetImportParameters requested are different than current active one (requested -> active):
  custom:video-decoder-ogg-theora: a1e56fd34408186e4bbccfd4996cb3dc -> 
  custom:container-muxer-webm: aa71ff27fc2769a1b78a27578f13a17b -> 
  custom:container-demuxer-webm: 4f35f7cbe854078d1ac9338744f61a02 -> 
  custom:video-encoder-webm-vp8: eb34c28f22e8b96e1ab97ce403110664 -> 
  custom:video-codec-MediaFoundation-h265: 746d11721c4dcdbdad8f713fa42b33f4 -> 
  custom:audio-encoder-webm-vorbis: bf7c407c2cedff20999df2af8eb42d56 -> 
  custom:framework-win-MediaFoundation: 216162199b28c13a410421893ffa2e32 -> 
  custom:container-demuxer-ogg: 62fdf1f143b41e24485cea50d1cbac27 -> 
  custom:video-decoder-webm-vp8: 9c59270c3fd7afecdb556c50c9e8de78 -> 
  custom:audio-decoder-ogg-vorbis: bf7c407c2cedff20999df2af8eb42d56 -> 
========================================================================
Received Import Request.
  Time since last request: 1914.634646 seconds.
  path: Assets/Resources/Player.prefab
  artifactKey: Guid(9d93e7f265a8f3249a1724afc175812e) Importer(815301076,1909f56bfc062723c751e8b465ee728b)
Start importing Assets/Resources/Player.prefab using Guid(9d93e7f265a8f3249a1724afc175812e) Importer(815301076,1909f56bfc062723c751e8b465ee728b)  -> (artifact id: '641071053ab4072efa177ae5625c803b') in 0.107556 seconds 
========================================================================
Received Import Request.
  Time since last request: 7.743690 seconds.
  path: Assets/Resources/Player.prefab
  artifactKey: Guid(9d93e7f265a8f3249a1724afc175812e) Importer(815301076,1909f56bfc062723c751e8b465ee728b)
Start importing Assets/Resources/Player.prefab using Guid(9d93e7f265a8f3249a1724afc175812e) Importer(815301076,1909f56bfc062723c751e8b465ee728b)  -> (artifact id: '1c120223cfa78eb34cb256ea81326e62') in 0.029384 seconds 
========================================================================
Received Import Request.
  Time since last request: 8.854045 seconds.
  path: Assets/Resources/Player.prefab
  artifactKey: Guid(9d93e7f265a8f3249a1724afc175812e) Importer(815301076,1909f56bfc062723c751e8b465ee728b)
Start importing Assets/Resources/Player.prefab using Guid(9d93e7f265a8f3249a1724afc175812e) Importer(815301076,1909f56bfc062723c751e8b465ee728b)  -> (artifact id: '8fd7e7f792da85901beb3e287772fc24') in 0.008145 seconds 
========================================================================
Received Import Request.
  Time since last request: 14.541526 seconds.
  path: Assets/Resources/Player.prefab
  artifactKey: Guid(9d93e7f265a8f3249a1724afc175812e) Importer(815301076,1909f56bfc062723c751e8b465ee728b)
Start importing Assets/Resources/Player.prefab using Guid(9d93e7f265a8f3249a1724afc175812e) Importer(815301076,1909f56bfc062723c751e8b465ee728b)  -> (artifact id: 'ee5480f188ef86da91c5135a06ab0581') in 0.010457 seconds 
========================================================================
Received Import Request.
  Time since last request: 40.191628 seconds.
  path: Assets/Resources/Player.prefab
  artifactKey: Guid(9d93e7f265a8f3249a1724afc175812e) Importer(815301076,1909f56bfc062723c751e8b465ee728b)
Start importing Assets/Resources/Player.prefab using Guid(9d93e7f265a8f3249a1724afc175812e) Importer(815301076,1909f56bfc062723c751e8b465ee728b)  -> (artifact id: 'a7929c84ecc3a17d659bf58682cedb03') in 0.009484 seconds 
========================================================================
Received Import Request.
  Time since last request: 5.181385 seconds.
  path: Assets/Resources/Player.prefab
  artifactKey: Guid(9d93e7f265a8f3249a1724afc175812e) Importer(815301076,1909f56bfc062723c751e8b465ee728b)
Start importing Assets/Resources/Player.prefab using Guid(9d93e7f265a8f3249a1724afc175812e) Importer(815301076,1909f56bfc062723c751e8b465ee728b)  -> (artifact id: '4a01f6d13abb6c2171a6f34214541739') in 0.027405 seconds 
========================================================================
Received Import Request.
  Time since last request: 3.821170 seconds.
  path: Assets/Resources/Player.prefab
  artifactKey: Guid(9d93e7f265a8f3249a1724afc175812e) Importer(815301076,1909f56bfc062723c751e8b465ee728b)
Start importing Assets/Resources/Player.prefab using Guid(9d93e7f265a8f3249a1724afc175812e) Importer(815301076,1909f56bfc062723c751e8b465ee728b)  -> (artifact id: 'e7f481ec8f1fe32f05ec2728e3aaef39') in 0.010199 seconds 
========================================================================
Received Import Request.
  Time since last request: 3.402246 seconds.
  path: Assets/Resources/Player.prefab
  artifactKey: Guid(9d93e7f265a8f3249a1724afc175812e) Importer(815301076,1909f56bfc062723c751e8b465ee728b)
Start importing Assets/Resources/Player.prefab using Guid(9d93e7f265a8f3249a1724afc175812e) Importer(815301076,1909f56bfc062723c751e8b465ee728b)  -> (artifact id: '030d042c2563c6653171077c035a4882') in 0.009059 seconds 
========================================================================
Received Import Request.
  Time since last request: 5.034477 seconds.
  path: Assets/Resources/Player.prefab
  artifactKey: Guid(9d93e7f265a8f3249a1724afc175812e) Importer(815301076,1909f56bfc062723c751e8b465ee728b)
Start importing Assets/Resources/Player.prefab using Guid(9d93e7f265a8f3249a1724afc175812e) Importer(815301076,1909f56bfc062723c751e8b465ee728b)  -> (artifact id: '18c156c51780952b0c76a0a53c588b81') in 0.010025 seconds 
========================================================================
Received Import Request.
  Time since last request: 13.312897 seconds.
  path: Assets/Resources/Player.prefab
  artifactKey: Guid(9d93e7f265a8f3249a1724afc175812e) Importer(815301076,1909f56bfc062723c751e8b465ee728b)
Start importing Assets/Resources/Player.prefab using Guid(9d93e7f265a8f3249a1724afc175812e) Importer(815301076,1909f56bfc062723c751e8b465ee728b)  -> (artifact id: '010cc5b9a64bdc633aac98b49260072f') in 0.020953 seconds 
========================================================================
Received Import Request.
  Time since last request: 2.783391 seconds.
  path: Assets/Resources/Player.prefab
  artifactKey: Guid(9d93e7f265a8f3249a1724afc175812e) Importer(815301076,1909f56bfc062723c751e8b465ee728b)
Start importing Assets/Resources/Player.prefab using Guid(9d93e7f265a8f3249a1724afc175812e) Importer(815301076,1909f56bfc062723c751e8b465ee728b)  -> (artifact id: '786148a8285ea9f64ec95ea00c7199f4') in 0.008812 seconds 
========================================================================
Received Import Request.
  Time since last request: 5.258931 seconds.
  path: Assets/Resources/Player.prefab
  artifactKey: Guid(9d93e7f265a8f3249a1724afc175812e) Importer(815301076,1909f56bfc062723c751e8b465ee728b)
Start importing Assets/Resources/Player.prefab using Guid(9d93e7f265a8f3249a1724afc175812e) Importer(815301076,1909f56bfc062723c751e8b465ee728b)  -> (artifact id: '23fd5d3c5d720aa9c71bf9c363c904d5') in 0.011303 seconds 
========================================================================
Received Import Request.
  Time since last request: 2.783660 seconds.
  path: Assets/Resources/Player.prefab
  artifactKey: Guid(9d93e7f265a8f3249a1724afc175812e) Importer(815301076,1909f56bfc062723c751e8b465ee728b)
Start importing Assets/Resources/Player.prefab using Guid(9d93e7f265a8f3249a1724afc175812e) Importer(815301076,1909f56bfc062723c751e8b465ee728b)  -> (artifact id: '2b8b7bb1135c41f106fc469a440e9d5f') in 0.010226 seconds 
========================================================================
Received Import Request.
  Time since last request: 1.621370 seconds.
  path: Assets/Resources/Player.prefab
  artifactKey: Guid(9d93e7f265a8f3249a1724afc175812e) Importer(815301076,1909f56bfc062723c751e8b465ee728b)
Start importing Assets/Resources/Player.prefab using Guid(9d93e7f265a8f3249a1724afc175812e) Importer(815301076,1909f56bfc062723c751e8b465ee728b)  -> (artifact id: 'd5844928a87d6e2cdd089e6c264447f9') in 0.033298 seconds 
========================================================================
Received Import Request.
  Time since last request: 1.756792 seconds.
  path: Assets/Resources/Player.prefab
  artifactKey: Guid(9d93e7f265a8f3249a1724afc175812e) Importer(815301076,1909f56bfc062723c751e8b465ee728b)
Start importing Assets/Resources/Player.prefab using Guid(9d93e7f265a8f3249a1724afc175812e) Importer(815301076,1909f56bfc062723c751e8b465ee728b)  -> (artifact id: '50bac630d5344b7811e91c4fca5889d5') in 0.009191 seconds 
========================================================================
Received Import Request.
  Time since last request: 11.701023 seconds.
  path: Assets/Resources/Player.prefab
  artifactKey: Guid(9d93e7f265a8f3249a1724afc175812e) Importer(815301076,1909f56bfc062723c751e8b465ee728b)
Start importing Assets/Resources/Player.prefab using Guid(9d93e7f265a8f3249a1724afc175812e) Importer(815301076,1909f56bfc062723c751e8b465ee728b)  -> (artifact id: '1062607a6638f612d3162d6eda001b9e') in 0.009580 seconds 
========================================================================
Received Import Request.
  Time since last request: 3.870254 seconds.
  path: Assets/Resources/Player.prefab
  artifactKey: Guid(9d93e7f265a8f3249a1724afc175812e) Importer(815301076,1909f56bfc062723c751e8b465ee728b)
Start importing Assets/Resources/Player.prefab using Guid(9d93e7f265a8f3249a1724afc175812e) Importer(815301076,1909f56bfc062723c751e8b465ee728b)  -> (artifact id: 'ab658f241d7151383770356126176070') in 0.010391 seconds 
========================================================================
Received Import Request.
  Time since last request: 4.935259 seconds.
  path: Assets/Resources/Player.prefab
  artifactKey: Guid(9d93e7f265a8f3249a1724afc175812e) Importer(815301076,1909f56bfc062723c751e8b465ee728b)
Start importing Assets/Resources/Player.prefab using Guid(9d93e7f265a8f3249a1724afc175812e) Importer(815301076,1909f56bfc062723c751e8b465ee728b)  -> (artifact id: '39d522b41f84aa09faf399326eabc9d5') in 0.046896 seconds 
========================================================================
Received Import Request.
  Time since last request: 1.565105 seconds.
  path: Assets/Resources/Player.prefab
  artifactKey: Guid(9d93e7f265a8f3249a1724afc175812e) Importer(815301076,1909f56bfc062723c751e8b465ee728b)
Start importing Assets/Resources/Player.prefab using Guid(9d93e7f265a8f3249a1724afc175812e) Importer(815301076,1909f56bfc062723c751e8b465ee728b)  -> (artifact id: 'eb4e30300bc1ee0086c1cba989478662') in 0.009287 seconds 
========================================================================
Received Import Request.
  Time since last request: 3.419493 seconds.
  path: Assets/Resources/Player.prefab
  artifactKey: Guid(9d93e7f265a8f3249a1724afc175812e) Importer(815301076,1909f56bfc062723c751e8b465ee728b)
Start importing Assets/Resources/Player.prefab using Guid(9d93e7f265a8f3249a1724afc175812e) Importer(815301076,1909f56bfc062723c751e8b465ee728b)  -> (artifact id: '210dc68084e32acc28b3811697d358d0') in 0.009430 seconds 
========================================================================
Received Import Request.
  Time since last request: 5.021162 seconds.
  path: Assets/Resources/Player.prefab
  artifactKey: Guid(9d93e7f265a8f3249a1724afc175812e) Importer(815301076,1909f56bfc062723c751e8b465ee728b)
Start importing Assets/Resources/Player.prefab using Guid(9d93e7f265a8f3249a1724afc175812e) Importer(815301076,1909f56bfc062723c751e8b465ee728b)  -> (artifact id: 'a3f831e189f4dd3e62ebcac152e684c3') in 0.010283 seconds 
========================================================================
Received Import Request.
  Time since last request: 2.627184 seconds.
  path: Assets/Resources/Player.prefab
  artifactKey: Guid(9d93e7f265a8f3249a1724afc175812e) Importer(815301076,1909f56bfc062723c751e8b465ee728b)
Start importing Assets/Resources/Player.prefab using Guid(9d93e7f265a8f3249a1724afc175812e) Importer(815301076,1909f56bfc062723c751e8b465ee728b)  -> (artifact id: '3471f7ac66c3d02fc49e49e52b27e2f5') in 0.033065 seconds 
========================================================================
Received Import Request.
  Time since last request: 2.988451 seconds.
  path: Assets/Resources/Player.prefab
  artifactKey: Guid(9d93e7f265a8f3249a1724afc175812e) Importer(815301076,1909f56bfc062723c751e8b465ee728b)
Start importing Assets/Resources/Player.prefab using Guid(9d93e7f265a8f3249a1724afc175812e) Importer(815301076,1909f56bfc062723c751e8b465ee728b)  -> (artifact id: 'b19578a288bae5f824ab3fd6b44091a9') in 0.010749 seconds 
========================================================================
Received Import Request.
  Time since last request: 10.485534 seconds.
  path: Assets/Resources/Player.prefab
  artifactKey: Guid(9d93e7f265a8f3249a1724afc175812e) Importer(815301076,1909f56bfc062723c751e8b465ee728b)
Start importing Assets/Resources/Player.prefab using Guid(9d93e7f265a8f3249a1724afc175812e) Importer(815301076,1909f56bfc062723c751e8b465ee728b)  -> (artifact id: '0556b1a6f8efb17c4a0821134e22bf6e') in 0.009003 seconds 
========================================================================
Received Import Request.
  Time since last request: 1.597356 seconds.
  path: Assets/Resources/Player.prefab
  artifactKey: Guid(9d93e7f265a8f3249a1724afc175812e) Importer(815301076,1909f56bfc062723c751e8b465ee728b)
Start importing Assets/Resources/Player.prefab using Guid(9d93e7f265a8f3249a1724afc175812e) Importer(815301076,1909f56bfc062723c751e8b465ee728b)  -> (artifact id: '1c35fa5e24f52f67c31014ff0a9b3f81') in 0.008825 seconds 
========================================================================
Received Import Request.
  Time since last request: 3.016850 seconds.
  path: Assets/Resources/Player.prefab
  artifactKey: Guid(9d93e7f265a8f3249a1724afc175812e) Importer(815301076,1909f56bfc062723c751e8b465ee728b)
Start importing Assets/Resources/Player.prefab using Guid(9d93e7f265a8f3249a1724afc175812e) Importer(815301076,1909f56bfc062723c751e8b465ee728b)  -> (artifact id: 'c592d0c97b48e323cba96a34aad13685') in 0.037728 seconds 
========================================================================
Received Import Request.
  Time since last request: 1.178532 seconds.
  path: Assets/Resources/Player.prefab
  artifactKey: Guid(9d93e7f265a8f3249a1724afc175812e) Importer(815301076,1909f56bfc062723c751e8b465ee728b)
Start importing Assets/Resources/Player.prefab using Guid(9d93e7f265a8f3249a1724afc175812e) Importer(815301076,1909f56bfc062723c751e8b465ee728b)  -> (artifact id: 'ba4b1b2cb2e25ebd461c054d97c9f2a1') in 0.010715 seconds 
========================================================================
Received Import Request.
  Time since last request: 9.886209 seconds.
  path: Assets/Resources/Player.prefab
  artifactKey: Guid(9d93e7f265a8f3249a1724afc175812e) Importer(815301076,1909f56bfc062723c751e8b465ee728b)
Start importing Assets/Resources/Player.prefab using Guid(9d93e7f265a8f3249a1724afc175812e) Importer(815301076,1909f56bfc062723c751e8b465ee728b)  -> (artifact id: 'cd71dd7a9ab21cc4f23864d1ce2585d1') in 0.011732 seconds 
========================================================================
Received Import Request.
  Time since last request: 1.792569 seconds.
  path: Assets/Resources/Player.prefab
  artifactKey: Guid(9d93e7f265a8f3249a1724afc175812e) Importer(815301076,1909f56bfc062723c751e8b465ee728b)
Start importing Assets/Resources/Player.prefab using Guid(9d93e7f265a8f3249a1724afc175812e) Importer(815301076,1909f56bfc062723c751e8b465ee728b)  -> (artifact id: '5023baad378f0be249d46cc46d6a1dc3') in 0.009556 seconds 
========================================================================
Received Import Request.
  Time since last request: 7.840863 seconds.
  path: Assets/Resources/Player.prefab
  artifactKey: Guid(9d93e7f265a8f3249a1724afc175812e) Importer(815301076,1909f56bfc062723c751e8b465ee728b)
Start importing Assets/Resources/Player.prefab using Guid(9d93e7f265a8f3249a1724afc175812e) Importer(815301076,1909f56bfc062723c751e8b465ee728b)  -> (artifact id: '746c80de36ba156c33bdd947b08d08f6') in 0.032824 seconds 
========================================================================
Received Import Request.
  Time since last request: 3.827329 seconds.
  path: Assets/Resources/Player.prefab
  artifactKey: Guid(9d93e7f265a8f3249a1724afc175812e) Importer(815301076,1909f56bfc062723c751e8b465ee728b)
Start importing Assets/Resources/Player.prefab using Guid(9d93e7f265a8f3249a1724afc175812e) Importer(815301076,1909f56bfc062723c751e8b465ee728b)  -> (artifact id: '0a191954ea6fa5716f91af8338f6fe15') in 0.012945 seconds 
========================================================================
Received Import Request.
  Time since last request: 11.990649 seconds.
  path: Assets/Resources/Player.prefab
  artifactKey: Guid(9d93e7f265a8f3249a1724afc175812e) Importer(815301076,1909f56bfc062723c751e8b465ee728b)
Start importing Assets/Resources/Player.prefab using Guid(9d93e7f265a8f3249a1724afc175812e) Importer(815301076,1909f56bfc062723c751e8b465ee728b)  -> (artifact id: 'd30a091a8415b000a946f519f464c99e') in 0.008330 seconds 
========================================================================
Received Import Request.
  Time since last request: 7.880398 seconds.
  path: Assets/Resources/Player.prefab
  artifactKey: Guid(9d93e7f265a8f3249a1724afc175812e) Importer(815301076,1909f56bfc062723c751e8b465ee728b)
Start importing Assets/Resources/Player.prefab using Guid(9d93e7f265a8f3249a1724afc175812e) Importer(815301076,1909f56bfc062723c751e8b465ee728b)  -> (artifact id: '678ae79ccb797dba5f77bdb62ab0d24c') in 0.008521 seconds 
========================================================================
Received Import Request.
  Time since last request: 2.836604 seconds.
  path: Assets/Resources/Player.prefab
  artifactKey: Guid(9d93e7f265a8f3249a1724afc175812e) Importer(815301076,1909f56bfc062723c751e8b465ee728b)
Start importing Assets/Resources/Player.prefab using Guid(9d93e7f265a8f3249a1724afc175812e) Importer(815301076,1909f56bfc062723c751e8b465ee728b)  -> (artifact id: '4318844b9de221a651f947799a39ed58') in 0.024254 seconds 
========================================================================
Received Import Request.
  Time since last request: 4.361775 seconds.
  path: Assets/Resources/Player.prefab
  artifactKey: Guid(9d93e7f265a8f3249a1724afc175812e) Importer(815301076,1909f56bfc062723c751e8b465ee728b)
Start importing Assets/Resources/Player.prefab using Guid(9d93e7f265a8f3249a1724afc175812e) Importer(815301076,1909f56bfc062723c751e8b465ee728b)  -> (artifact id: '4d84bae7c5e141c9d3d35025db31197a') in 0.008626 seconds 
========================================================================
Received Import Request.
  Time since last request: 5.437515 seconds.
  path: Assets/Resources/Player.prefab
  artifactKey: Guid(9d93e7f265a8f3249a1724afc175812e) Importer(815301076,1909f56bfc062723c751e8b465ee728b)
Start importing Assets/Resources/Player.prefab using Guid(9d93e7f265a8f3249a1724afc175812e) Importer(815301076,1909f56bfc062723c751e8b465ee728b)  -> (artifact id: '80dcd412faba3d2a2247d9444d83333c') in 0.017137 seconds 
========================================================================
Received Import Request.
  Time since last request: 3.597700 seconds.
  path: Assets/Resources/Player.prefab
  artifactKey: Guid(9d93e7f265a8f3249a1724afc175812e) Importer(815301076,1909f56bfc062723c751e8b465ee728b)
Start importing Assets/Resources/Player.prefab using Guid(9d93e7f265a8f3249a1724afc175812e) Importer(815301076,1909f56bfc062723c751e8b465ee728b)  -> (artifact id: '34386a670d4f74d7e1fb0eb97fb732a2') in 0.009198 seconds 
========================================================================
Received Import Request.
  Time since last request: 6.853185 seconds.
  path: Assets/Resources/Player.prefab
  artifactKey: Guid(9d93e7f265a8f3249a1724afc175812e) Importer(815301076,1909f56bfc062723c751e8b465ee728b)
Start importing Assets/Resources/Player.prefab using Guid(9d93e7f265a8f3249a1724afc175812e) Importer(815301076,1909f56bfc062723c751e8b465ee728b)  -> (artifact id: '961a0def6d11b1de015a38840858df40') in 0.034959 seconds 
========================================================================
Received Import Request.
  Time since last request: 2.385627 seconds.
  path: Assets/Resources/Player.prefab
  artifactKey: Guid(9d93e7f265a8f3249a1724afc175812e) Importer(815301076,1909f56bfc062723c751e8b465ee728b)
Start importing Assets/Resources/Player.prefab using Guid(9d93e7f265a8f3249a1724afc175812e) Importer(815301076,1909f56bfc062723c751e8b465ee728b)  -> (artifact id: '4fcd122349e11f47bb8f8adcdcd8c74a') in 0.009506 seconds 
========================================================================
Received Import Request.
  Time since last request: 6.746253 seconds.
  path: Assets/Resources/Player.prefab
  artifactKey: Guid(9d93e7f265a8f3249a1724afc175812e) Importer(815301076,1909f56bfc062723c751e8b465ee728b)
Start importing Assets/Resources/Player.prefab using Guid(9d93e7f265a8f3249a1724afc175812e) Importer(815301076,1909f56bfc062723c751e8b465ee728b)  -> (artifact id: 'd1f1352a21130b836b8ec36d624f02ac') in 0.018348 seconds 
========================================================================
Received Import Request.
  Time since last request: 12.910063 seconds.
  path: Assets/Resources/Player.prefab
  artifactKey: Guid(9d93e7f265a8f3249a1724afc175812e) Importer(815301076,1909f56bfc062723c751e8b465ee728b)
Start importing Assets/Resources/Player.prefab using Guid(9d93e7f265a8f3249a1724afc175812e) Importer(815301076,1909f56bfc062723c751e8b465ee728b)  -> (artifact id: '381132379a27d4bc581e38e3f7d61989') in 0.011774 seconds 
========================================================================
Received Import Request.
  Time since last request: 0.481700 seconds.
  path: Assets/Resources/Player.prefab
  artifactKey: Guid(9d93e7f265a8f3249a1724afc175812e) Importer(815301076,1909f56bfc062723c751e8b465ee728b)
Start importing Assets/Resources/Player.prefab using Guid(9d93e7f265a8f3249a1724afc175812e) Importer(815301076,1909f56bfc062723c751e8b465ee728b)  -> (artifact id: '77c8f4dcca60a2c0663a2a016f3c53ba') in 0.040451 seconds 
========================================================================
Received Import Request.
  Time since last request: 2.374555 seconds.
  path: Assets/Resources/Player.prefab
  artifactKey: Guid(9d93e7f265a8f3249a1724afc175812e) Importer(815301076,1909f56bfc062723c751e8b465ee728b)
Start importing Assets/Resources/Player.prefab using Guid(9d93e7f265a8f3249a1724afc175812e) Importer(815301076,1909f56bfc062723c751e8b465ee728b)  -> (artifact id: '2e44d381e8c1666b0e9f9450160c46a0') in 0.008883 seconds 
========================================================================
Received Import Request.
  Time since last request: 7.863445 seconds.
  path: Assets/Resources/Player.prefab
  artifactKey: Guid(9d93e7f265a8f3249a1724afc175812e) Importer(815301076,1909f56bfc062723c751e8b465ee728b)
Start importing Assets/Resources/Player.prefab using Guid(9d93e7f265a8f3249a1724afc175812e) Importer(815301076,1909f56bfc062723c751e8b465ee728b)  -> (artifact id: '8688276bcd940b6c8b6125a7dca8333c') in 0.014940 seconds 
========================================================================
Received Import Request.
  Time since last request: 78.279180 seconds.
  path: Assets/Resources/Player.prefab
  artifactKey: Guid(9d93e7f265a8f3249a1724afc175812e) Importer(815301076,1909f56bfc062723c751e8b465ee728b)
Start importing Assets/Resources/Player.prefab using Guid(9d93e7f265a8f3249a1724afc175812e) Importer(815301076,1909f56bfc062723c751e8b465ee728b)  -> (artifact id: '5c546d45bfe231d858c2741c27b66261') in 0.011852 seconds 
========================================================================
Received Prepare
Registering precompiled user dll's ...
Registered in 0.003975 seconds.
Begin MonoManager ReloadAssembly
Symbol file LoadedFromMemory doesn't match image D:\unity\2021.3.24f1\projects\secondgame\Library\PackageCache\com.unity.visualscripting@1.8.0\Editor\VisualScripting.Core\Dependencies\YamlDotNet\Unity.VisualScripting.YamlDotNet.dll
Symbol file LoadedFromMemory doesn't match image D:\unity\2021.3.24f1\projects\secondgame\Library\PackageCache\com.unity.visualscripting@1.8.0\Editor\VisualScripting.Core\Dependencies\DotNetZip\Unity.VisualScripting.IonicZip.dll
Native extension for WindowsStandalone target not found
Native extension for WebGL target not found
Refreshing native plugins compatible for Editor in 1.03 ms, found 3 plugins.
Preloading 0 native plugins for Editor in 0.00 ms.
Mono: successfully reloaded assembly
- Completed reload, in  1.121 seconds
Domain Reload Profiling:
	ReloadAssembly (1122ms)
		BeginReloadAssembly (158ms)
			ExecutionOrderSort (0ms)
			DisableScriptedObjects (5ms)
			BackupInstance (0ms)
			ReleaseScriptingObjects (0ms)
			CreateAndSetChildDomain (40ms)
		EndReloadAssembly (865ms)
			LoadAssemblies (107ms)
			RebuildTransferFunctionScriptingTraits (0ms)
			SetupTypeCache (327ms)
			ReleaseScriptCaches (1ms)
			RebuildScriptCaches (50ms)
			SetupLoadedEditorAssemblies (348ms)
				LogAssemblyErrors (0ms)
				InitializePlatformSupportModulesInManaged (21ms)
				SetLoadedEditorAssemblies (1ms)
				RefreshPlugins (1ms)
				BeforeProcessingInitializeOnLoad (70ms)
				ProcessInitializeOnLoadAttributes (224ms)
				ProcessInitializeOnLoadMethodAttributes (28ms)
				AfterProcessingInitializeOnLoad (2ms)
				EditorAssembliesLoaded (0ms)
			ExecutionOrderSort2 (0ms)
			AwakeInstancesAfterBackupRestoration (7ms)
Platform modules already initialized, skipping
Refreshing native plugins compatible for Editor in 1.80 ms, found 3 plugins.
Preloading 0 native plugins for Editor in 0.00 ms.
Unloading 3287 Unused Serialized files (Serialized files now loaded: 0)
Unloading 22 unused Assets / (0.7 MB). Loaded Objects now: 3798.
Memory consumption went from 126.0 MB to 125.2 MB.
Total: 3.674800 ms (FindLiveObjects: 0.495900 ms CreateObjectMapping: 0.221000 ms MarkObjects: 2.570400 ms  DeleteObjects: 0.386300 ms)

AssetImportParameters requested are different than current active one (requested -> active):
  custom:video-decoder-ogg-theora: a1e56fd34408186e4bbccfd4996cb3dc -> 
  custom:container-muxer-webm: aa71ff27fc2769a1b78a27578f13a17b -> 
  custom:container-demuxer-webm: 4f35f7cbe854078d1ac9338744f61a02 -> 
  custom:video-encoder-webm-vp8: eb34c28f22e8b96e1ab97ce403110664 -> 
  custom:video-codec-MediaFoundation-h265: 746d11721c4dcdbdad8f713fa42b33f4 -> 
  custom:audio-encoder-webm-vorbis: bf7c407c2cedff20999df2af8eb42d56 -> 
  custom:framework-win-MediaFoundation: 216162199b28c13a410421893ffa2e32 -> 
  custom:container-demuxer-ogg: 62fdf1f143b41e24485cea50d1cbac27 -> 
  custom:video-decoder-webm-vp8: 9c59270c3fd7afecdb556c50c9e8de78 -> 
  custom:audio-decoder-ogg-vorbis: bf7c407c2cedff20999df2af8eb42d56 -> 
========================================================================
Received Import Request.
  Time since last request: 9.800394 seconds.
  path: Assets/Resources/Player.prefab
  artifactKey: Guid(9d93e7f265a8f3249a1724afc175812e) Importer(815301076,1909f56bfc062723c751e8b465ee728b)
Start importing Assets/Resources/Player.prefab using Guid(9d93e7f265a8f3249a1724afc175812e) Importer(815301076,1909f56bfc062723c751e8b465ee728b)  -> (artifact id: '38d6a5783fb73b41eaaf74edc7fa81b3') in 0.078887 seconds 
========================================================================
Received Prepare
Registering precompiled user dll's ...
Registered in 0.010282 seconds.
Begin MonoManager ReloadAssembly
Symbol file LoadedFromMemory doesn't match image D:\unity\2021.3.24f1\projects\secondgame\Library\PackageCache\com.unity.visualscripting@1.8.0\Editor\VisualScripting.Core\Dependencies\YamlDotNet\Unity.VisualScripting.YamlDotNet.dll
Symbol file LoadedFromMemory doesn't match image D:\unity\2021.3.24f1\projects\secondgame\Library\PackageCache\com.unity.visualscripting@1.8.0\Editor\VisualScripting.Core\Dependencies\DotNetZip\Unity.VisualScripting.IonicZip.dll
Native extension for WindowsStandalone target not found
Native extension for WebGL target not found
Refreshing native plugins compatible for Editor in 0.73 ms, found 3 plugins.
Preloading 0 native plugins for Editor in 0.00 ms.
Mono: successfully reloaded assembly
- Completed reload, in  1.355 seconds
Domain Reload Profiling:
	ReloadAssembly (1356ms)
		BeginReloadAssembly (199ms)
			ExecutionOrderSort (0ms)
			DisableScriptedObjects (7ms)
			BackupInstance (0ms)
			ReleaseScriptingObjects (0ms)
			CreateAndSetChildDomain (58ms)
		EndReloadAssembly (1013ms)
			LoadAssemblies (125ms)
			RebuildTransferFunctionScriptingTraits (0ms)
			SetupTypeCache (399ms)
			ReleaseScriptCaches (2ms)
			RebuildScriptCaches (66ms)
			SetupLoadedEditorAssemblies (392ms)
				LogAssemblyErrors (0ms)
				InitializePlatformSupportModulesInManaged (8ms)
				SetLoadedEditorAssemblies (1ms)
				RefreshPlugins (1ms)
				BeforeProcessingInitializeOnLoad (86ms)
				ProcessInitializeOnLoadAttributes (264ms)
				ProcessInitializeOnLoadMethodAttributes (29ms)
				AfterProcessingInitializeOnLoad (3ms)
				EditorAssembliesLoaded (0ms)
			ExecutionOrderSort2 (0ms)
			AwakeInstancesAfterBackupRestoration (8ms)
Platform modules already initialized, skipping
Refreshing native plugins compatible for Editor in 3.80 ms, found 3 plugins.
Preloading 0 native plugins for Editor in 0.00 ms.
Unloading 3287 Unused Serialized files (Serialized files now loaded: 0)
Unloading 22 unused Assets / (0.7 MB). Loaded Objects now: 3802.
Memory consumption went from 126.0 MB to 125.2 MB.
Total: 5.339200 ms (FindLiveObjects: 0.393400 ms CreateObjectMapping: 0.342800 ms MarkObjects: 3.425800 ms  DeleteObjects: 1.174800 ms)

AssetImportParameters requested are different than current active one (requested -> active):
  custom:video-decoder-ogg-theora: a1e56fd34408186e4bbccfd4996cb3dc -> 
  custom:container-muxer-webm: aa71ff27fc2769a1b78a27578f13a17b -> 
  custom:container-demuxer-webm: 4f35f7cbe854078d1ac9338744f61a02 -> 
  custom:video-encoder-webm-vp8: eb34c28f22e8b96e1ab97ce403110664 -> 
  custom:video-codec-MediaFoundation-h265: 746d11721c4dcdbdad8f713fa42b33f4 -> 
  custom:audio-encoder-webm-vorbis: bf7c407c2cedff20999df2af8eb42d56 -> 
  custom:framework-win-MediaFoundation: 216162199b28c13a410421893ffa2e32 -> 
  custom:container-demuxer-ogg: 62fdf1f143b41e24485cea50d1cbac27 -> 
  custom:video-decoder-webm-vp8: 9c59270c3fd7afecdb556c50c9e8de78 -> 
  custom:audio-decoder-ogg-vorbis: bf7c407c2cedff20999df2af8eb42d56 -> 
========================================================================
Received Import Request.
  Time since last request: 7.729704 seconds.
  path: Assets/Resources/Player.prefab
  artifactKey: Guid(9d93e7f265a8f3249a1724afc175812e) Importer(815301076,1909f56bfc062723c751e8b465ee728b)
Start importing Assets/Resources/Player.prefab using Guid(9d93e7f265a8f3249a1724afc175812e) Importer(815301076,1909f56bfc062723c751e8b465ee728b)  -> (artifact id: 'fdd1c81bf7753b73978f06d28c6f8f7a') in 0.216814 seconds 
========================================================================
Received Prepare
Registering precompiled user dll's ...
Registered in 0.005602 seconds.
Begin MonoManager ReloadAssembly
Symbol file LoadedFromMemory doesn't match image D:\unity\2021.3.24f1\projects\secondgame\Library\PackageCache\com.unity.visualscripting@1.8.0\Editor\VisualScripting.Core\Dependencies\YamlDotNet\Unity.VisualScripting.YamlDotNet.dll
Symbol file LoadedFromMemory doesn't match image D:\unity\2021.3.24f1\projects\secondgame\Library\PackageCache\com.unity.visualscripting@1.8.0\Editor\VisualScripting.Core\Dependencies\DotNetZip\Unity.VisualScripting.IonicZip.dll
Native extension for WindowsStandalone target not found
Native extension for WebGL target not found
Refreshing native plugins compatible for Editor in 0.85 ms, found 3 plugins.
Preloading 0 native plugins for Editor in 0.00 ms.
Mono: successfully reloaded assembly
- Completed reload, in  1.107 seconds
Domain Reload Profiling:
	ReloadAssembly (1108ms)
		BeginReloadAssembly (154ms)
			ExecutionOrderSort (0ms)
			DisableScriptedObjects (6ms)
			BackupInstance (0ms)
			ReleaseScriptingObjects (0ms)
			CreateAndSetChildDomain (40ms)
		EndReloadAssembly (857ms)
			LoadAssemblies (100ms)
			RebuildTransferFunctionScriptingTraits (0ms)
			SetupTypeCache (321ms)
			ReleaseScriptCaches (1ms)
			RebuildScriptCaches (41ms)
			SetupLoadedEditorAssemblies (361ms)
				LogAssemblyErrors (0ms)
				InitializePlatformSupportModulesInManaged (6ms)
				SetLoadedEditorAssemblies (1ms)
				RefreshPlugins (1ms)
				BeforeProcessingInitializeOnLoad (67ms)
				ProcessInitializeOnLoadAttributes (239ms)
				ProcessInitializeOnLoadMethodAttributes (43ms)
				AfterProcessingInitializeOnLoad (5ms)
				EditorAssembliesLoaded (0ms)
			ExecutionOrderSort2 (0ms)
			AwakeInstancesAfterBackupRestoration (10ms)
Platform modules already initialized, skipping
Refreshing native plugins compatible for Editor in 1.75 ms, found 3 plugins.
Preloading 0 native plugins for Editor in 0.00 ms.
Unloading 3287 Unused Serialized files (Serialized files now loaded: 0)
Unloading 22 unused Assets / (0.7 MB). Loaded Objects now: 3806.
Memory consumption went from 126.0 MB to 125.2 MB.
Total: 3.857800 ms (FindLiveObjects: 0.318200 ms CreateObjectMapping: 0.213300 ms MarkObjects: 3.011300 ms  DeleteObjects: 0.314100 ms)

AssetImportParameters requested are different than current active one (requested -> active):
  custom:video-decoder-ogg-theora: a1e56fd34408186e4bbccfd4996cb3dc -> 
  custom:container-muxer-webm: aa71ff27fc2769a1b78a27578f13a17b -> 
  custom:container-demuxer-webm: 4f35f7cbe854078d1ac9338744f61a02 -> 
  custom:video-encoder-webm-vp8: eb34c28f22e8b96e1ab97ce403110664 -> 
  custom:video-codec-MediaFoundation-h265: 746d11721c4dcdbdad8f713fa42b33f4 -> 
  custom:audio-encoder-webm-vorbis: bf7c407c2cedff20999df2af8eb42d56 -> 
  custom:framework-win-MediaFoundation: 216162199b28c13a410421893ffa2e32 -> 
  custom:container-demuxer-ogg: 62fdf1f143b41e24485cea50d1cbac27 -> 
  custom:video-decoder-webm-vp8: 9c59270c3fd7afecdb556c50c9e8de78 -> 
  custom:audio-decoder-ogg-vorbis: bf7c407c2cedff20999df2af8eb42d56 -> 
========================================================================
Received Import Request.
  Time since last request: 54.840089 seconds.
  path: Assets/Resources/Player.prefab
  artifactKey: Guid(9d93e7f265a8f3249a1724afc175812e) Importer(815301076,1909f56bfc062723c751e8b465ee728b)
Start importing Assets/Resources/Player.prefab using Guid(9d93e7f265a8f3249a1724afc175812e) Importer(815301076,1909f56bfc062723c751e8b465ee728b)  -> (artifact id: '3c8dc44d0743d53ed46eb8fd4f64c5dd') in 0.065109 seconds 
========================================================================
Received Import Request.
  Time since last request: 5.416831 seconds.
  path: Assets/Resources/Player.prefab
  artifactKey: Guid(9d93e7f265a8f3249a1724afc175812e) Importer(815301076,1909f56bfc062723c751e8b465ee728b)
Start importing Assets/Resources/Player.prefab using Guid(9d93e7f265a8f3249a1724afc175812e) Importer(815301076,1909f56bfc062723c751e8b465ee728b)  -> (artifact id: '33d67cbfc1ac29bba68a8ade91efd635') in 0.010526 seconds 
========================================================================
Received Prepare
Registering precompiled user dll's ...
Registered in 0.005001 seconds.
Begin MonoManager ReloadAssembly
Symbol file LoadedFromMemory doesn't match image D:\unity\2021.3.24f1\projects\secondgame\Library\PackageCache\com.unity.visualscripting@1.8.0\Editor\VisualScripting.Core\Dependencies\YamlDotNet\Unity.VisualScripting.YamlDotNet.dll
Symbol file LoadedFromMemory doesn't match image D:\unity\2021.3.24f1\projects\secondgame\Library\PackageCache\com.unity.visualscripting@1.8.0\Editor\VisualScripting.Core\Dependencies\DotNetZip\Unity.VisualScripting.IonicZip.dll
Native extension for WindowsStandalone target not found
Native extension for WebGL target not found
Refreshing native plugins compatible for Editor in 1.20 ms, found 3 plugins.
Preloading 0 native plugins for Editor in 0.00 ms.
Mono: successfully reloaded assembly
- Completed reload, in  1.499 seconds
Domain Reload Profiling:
	ReloadAssembly (1500ms)
		BeginReloadAssembly (175ms)
			ExecutionOrderSort (0ms)
			DisableScriptedObjects (6ms)
			BackupInstance (0ms)
			ReleaseScriptingObjects (0ms)
			CreateAndSetChildDomain (48ms)
		EndReloadAssembly (1198ms)
			LoadAssemblies (126ms)
			RebuildTransferFunctionScriptingTraits (0ms)
			SetupTypeCache (373ms)
			ReleaseScriptCaches (1ms)
			RebuildScriptCaches (119ms)
			SetupLoadedEditorAssemblies (518ms)
				LogAssemblyErrors (0ms)
				InitializePlatformSupportModulesInManaged (9ms)
				SetLoadedEditorAssemblies (0ms)
				RefreshPlugins (1ms)
				BeforeProcessingInitializeOnLoad (92ms)
				ProcessInitializeOnLoadAttributes (378ms)
				ProcessInitializeOnLoadMethodAttributes (35ms)
				AfterProcessingInitializeOnLoad (2ms)
				EditorAssembliesLoaded (0ms)
			ExecutionOrderSort2 (0ms)
			AwakeInstancesAfterBackupRestoration (10ms)
Platform modules already initialized, skipping
Refreshing native plugins compatible for Editor in 2.70 ms, found 3 plugins.
Preloading 0 native plugins for Editor in 0.00 ms.
Unloading 3287 Unused Serialized files (Serialized files now loaded: 0)
Unloading 22 unused Assets / (0.7 MB). Loaded Objects now: 3810.
Memory consumption went from 126.0 MB to 125.3 MB.
Total: 4.692400 ms (FindLiveObjects: 0.485900 ms CreateObjectMapping: 0.378900 ms MarkObjects: 3.321100 ms  DeleteObjects: 0.504900 ms)

AssetImportParameters requested are different than current active one (requested -> active):
  custom:video-decoder-ogg-theora: a1e56fd34408186e4bbccfd4996cb3dc -> 
  custom:container-muxer-webm: aa71ff27fc2769a1b78a27578f13a17b -> 
  custom:container-demuxer-webm: 4f35f7cbe854078d1ac9338744f61a02 -> 
  custom:video-encoder-webm-vp8: eb34c28f22e8b96e1ab97ce403110664 -> 
  custom:video-codec-MediaFoundation-h265: 746d11721c4dcdbdad8f713fa42b33f4 -> 
  custom:audio-encoder-webm-vorbis: bf7c407c2cedff20999df2af8eb42d56 -> 
  custom:framework-win-MediaFoundation: 216162199b28c13a410421893ffa2e32 -> 
  custom:container-demuxer-ogg: 62fdf1f143b41e24485cea50d1cbac27 -> 
  custom:video-decoder-webm-vp8: 9c59270c3fd7afecdb556c50c9e8de78 -> 
  custom:audio-decoder-ogg-vorbis: bf7c407c2cedff20999df2af8eb42d56 -> 
========================================================================
Received Prepare
Registering precompiled user dll's ...
Registered in 0.006876 seconds.
Begin MonoManager ReloadAssembly
Symbol file LoadedFromMemory doesn't match image D:\unity\2021.3.24f1\projects\secondgame\Library\PackageCache\com.unity.visualscripting@1.8.0\Editor\VisualScripting.Core\Dependencies\YamlDotNet\Unity.VisualScripting.YamlDotNet.dll
Symbol file LoadedFromMemory doesn't match image D:\unity\2021.3.24f1\projects\secondgame\Library\PackageCache\com.unity.visualscripting@1.8.0\Editor\VisualScripting.Core\Dependencies\DotNetZip\Unity.VisualScripting.IonicZip.dll
Native extension for WindowsStandalone target not found
Native extension for WebGL target not found
Refreshing native plugins compatible for Editor in 2.04 ms, found 3 plugins.
Preloading 0 native plugins for Editor in 0.00 ms.
Mono: successfully reloaded assembly
- Completed reload, in  1.120 seconds
Domain Reload Profiling:
	ReloadAssembly (1121ms)
		BeginReloadAssembly (176ms)
			ExecutionOrderSort (0ms)
			DisableScriptedObjects (7ms)
			BackupInstance (0ms)
			ReleaseScriptingObjects (0ms)
			CreateAndSetChildDomain (44ms)
		EndReloadAssembly (834ms)
			LoadAssemblies (112ms)
			RebuildTransferFunctionScriptingTraits (0ms)
			SetupTypeCache (347ms)
			ReleaseScriptCaches (2ms)
			RebuildScriptCaches (58ms)
			SetupLoadedEditorAssemblies (298ms)
				LogAssemblyErrors (0ms)
				InitializePlatformSupportModulesInManaged (5ms)
				SetLoadedEditorAssemblies (1ms)
				RefreshPlugins (2ms)
				BeforeProcessingInitializeOnLoad (63ms)
				ProcessInitializeOnLoadAttributes (204ms)
				ProcessInitializeOnLoadMethodAttributes (21ms)
				AfterProcessingInitializeOnLoad (2ms)
				EditorAssembliesLoaded (0ms)
			ExecutionOrderSort2 (0ms)
			AwakeInstancesAfterBackupRestoration (6ms)
Platform modules already initialized, skipping
Refreshing native plugins compatible for Editor in 1.90 ms, found 3 plugins.
Preloading 0 native plugins for Editor in 0.00 ms.
Unloading 3287 Unused Serialized files (Serialized files now loaded: 0)
Unloading 22 unused Assets / (0.7 MB). Loaded Objects now: 3814.
Memory consumption went from 126.0 MB to 125.3 MB.
Total: 3.072000 ms (FindLiveObjects: 0.326100 ms CreateObjectMapping: 0.206100 ms MarkObjects: 2.231700 ms  DeleteObjects: 0.307200 ms)

AssetImportParameters requested are different than current active one (requested -> active):
  custom:video-decoder-ogg-theora: a1e56fd34408186e4bbccfd4996cb3dc -> 
  custom:container-muxer-webm: aa71ff27fc2769a1b78a27578f13a17b -> 
  custom:container-demuxer-webm: 4f35f7cbe854078d1ac9338744f61a02 -> 
  custom:video-encoder-webm-vp8: eb34c28f22e8b96e1ab97ce403110664 -> 
  custom:video-codec-MediaFoundation-h265: 746d11721c4dcdbdad8f713fa42b33f4 -> 
  custom:audio-encoder-webm-vorbis: bf7c407c2cedff20999df2af8eb42d56 -> 
  custom:framework-win-MediaFoundation: 216162199b28c13a410421893ffa2e32 -> 
  custom:container-demuxer-ogg: 62fdf1f143b41e24485cea50d1cbac27 -> 
  custom:video-decoder-webm-vp8: 9c59270c3fd7afecdb556c50c9e8de78 -> 
  custom:audio-decoder-ogg-vorbis: bf7c407c2cedff20999df2af8eb42d56 -> 
