Using pre-set license
Built from '2021.3/staging' branch; Version is '2021.3.24f1 (cf10dcf7010d) revision 13570268'; Using compiler version '192829333'; Build Type 'Release'
OS: 'Windows 11  (10.0.22631) 64bit Professional' Language: 'ru' Physical Memory: 16316 MB
BatchMode: 1, IsHumanControllingUs: 0, StartBugReporterOnCrash: 0, Is64bit: 1, IsPro: 1

COMMAND LINE ARGUMENTS:
D:\unity\2021.3.24f1\Editor\Unity.exe
-adb2
-batchMode
-noUpm
-name
AssetImportWorker0
-projectPath
D:/unity/2021.3.24f1/projects/secondgame
-logFile
Logs/AssetImportWorker0.log
-srvPort
52933
Successfully changed project path to: D:/unity/2021.3.24f1/projects/secondgame
D:/unity/2021.3.24f1/projects/secondgame
[UnityMemory] Configuration Parameters - Can be set up in boot.config
    "memorysetup-bucket-allocator-granularity=16"
    "memorysetup-bucket-allocator-bucket-count=8"
    "memorysetup-bucket-allocator-block-size=33554432"
    "memorysetup-bucket-allocator-block-count=8"
    "memorysetup-main-allocator-block-size=16777216"
    "memorysetup-thread-allocator-block-size=16777216"
    "memorysetup-gfx-main-allocator-block-size=16777216"
    "memorysetup-gfx-thread-allocator-block-size=16777216"
    "memorysetup-cache-allocator-block-size=4194304"
    "memorysetup-typetree-allocator-block-size=2097152"
    "memorysetup-profiler-bucket-allocator-granularity=16"
    "memorysetup-profiler-bucket-allocator-bucket-count=8"
    "memorysetup-profiler-bucket-allocator-block-size=33554432"
    "memorysetup-profiler-bucket-allocator-block-count=8"
    "memorysetup-profiler-allocator-block-size=16777216"
    "memorysetup-profiler-editor-allocator-block-size=1048576"
    "memorysetup-temp-allocator-size-main=16777216"
    "memorysetup-job-temp-allocator-block-size=2097152"
    "memorysetup-job-temp-allocator-block-size-background=1048576"
    "memorysetup-job-temp-allocator-reduction-small-platforms=262144"
    "memorysetup-temp-allocator-size-background-worker=32768"
    "memorysetup-temp-allocator-size-job-worker=262144"
    "memorysetup-temp-allocator-size-preload-manager=33554432"
    "memorysetup-temp-allocator-size-nav-mesh-worker=65536"
    "memorysetup-temp-allocator-size-audio-worker=65536"
    "memorysetup-temp-allocator-size-cloud-worker=32768"
    "memorysetup-temp-allocator-size-gi-baking-worker=262144"
    "memorysetup-temp-allocator-size-gfx=262144"
Player connection [46728] Host "[IP] 192.168.3.186 [Port] 0 [Flags] 2 [Guid] 1687550329 [EditorId] 1687550329 [Version] 1048832 [Id] WindowsEditor(7,windows) [Debug] 1 [PackageName] WindowsEditor [ProjectName] Editor" joined multi-casting on [225.0.0.222:54997]...

Player connection [46728] Host "[IP] 192.168.3.186 [Port] 0 [Flags] 2 [Guid] 1687550329 [EditorId] 1687550329 [Version] 1048832 [Id] WindowsEditor(7,windows) [Debug] 1 [PackageName] WindowsEditor [ProjectName] Editor" joined alternative multi-casting on [225.0.0.222:34997]...

Refreshing native plugins compatible for Editor in 104.30 ms, found 3 plugins.
Preloading 0 native plugins for Editor in 0.00 ms.
Initialize engine version: 2021.3.24f1 (cf10dcf7010d)
[Subsystems] Discovering subsystems at path D:/unity/2021.3.24f1/Editor/Data/Resources/UnitySubsystems
[Subsystems] Discovering subsystems at path D:/unity/2021.3.24f1/projects/secondgame/Assets
GfxDevice: creating device client; threaded=0; jobified=0
Direct3D:
    Version:  Direct3D 11.0 [level 11.1]
    Renderer: NVIDIA GeForce GTX 1660 SUPER (ID=0x21c4)
    Vendor:   NVIDIA
    VRAM:     5981 MB
    Driver:   31.0.15.4584
Initialize mono
Mono path[0] = 'D:/unity/2021.3.24f1/Editor/Data/Managed'
Mono path[1] = 'D:/unity/2021.3.24f1/Editor/Data/MonoBleedingEdge/lib/mono/unityjit-win32'
Mono config path = 'D:/unity/2021.3.24f1/Editor/Data/MonoBleedingEdge/etc'
Using monoOptions --debugger-agent=transport=dt_socket,embedding=1,server=y,suspend=n,address=127.0.0.1:56588
Begin MonoManager ReloadAssembly
Registering precompiled unity dll's ...
Register platform support module: D:/unity/2021.3.24f1/Editor/Data/PlaybackEngines/WebGLSupport/UnityEditor.WebGL.Extensions.dll
Register platform support module: D:/unity/2021.3.24f1/Editor/Data/PlaybackEngines/WindowsStandaloneSupport/UnityEditor.WindowsStandalone.Extensions.dll
Registered in 0.002127 seconds.
Native extension for WindowsStandalone target not found
Native extension for WebGL target not found
Refreshing native plugins compatible for Editor in 84.33 ms, found 3 plugins.
Preloading 0 native plugins for Editor in 0.00 ms.
Mono: successfully reloaded assembly
- Completed reload, in  0.700 seconds
Domain Reload Profiling:
	ReloadAssembly (700ms)
		BeginReloadAssembly (87ms)
			ExecutionOrderSort (0ms)
			DisableScriptedObjects (0ms)
			BackupInstance (0ms)
			ReleaseScriptingObjects (0ms)
			CreateAndSetChildDomain (1ms)
		EndReloadAssembly (520ms)
			LoadAssemblies (86ms)
			RebuildTransferFunctionScriptingTraits (0ms)
			SetupTypeCache (111ms)
			ReleaseScriptCaches (0ms)
			RebuildScriptCaches (40ms)
			SetupLoadedEditorAssemblies (289ms)
				LogAssemblyErrors (0ms)
				InitializePlatformSupportModulesInManaged (7ms)
				SetLoadedEditorAssemblies (0ms)
				RefreshPlugins (84ms)
				BeforeProcessingInitializeOnLoad (1ms)
				ProcessInitializeOnLoadAttributes (142ms)
				ProcessInitializeOnLoadMethodAttributes (54ms)
				AfterProcessingInitializeOnLoad (0ms)
				EditorAssembliesLoaded (0ms)
			ExecutionOrderSort2 (0ms)
			AwakeInstancesAfterBackupRestoration (0ms)
Platform modules already initialized, skipping
Registering precompiled user dll's ...
Registered in 0.005785 seconds.
Begin MonoManager ReloadAssembly
Symbol file LoadedFromMemory doesn't match image D:\unity\2021.3.24f1\projects\secondgame\Library\PackageCache\com.unity.visualscripting@1.8.0\Editor\VisualScripting.Core\Dependencies\YamlDotNet\Unity.VisualScripting.YamlDotNet.dll
Symbol file LoadedFromMemory doesn't match image D:\unity\2021.3.24f1\projects\secondgame\Library\PackageCache\com.unity.visualscripting@1.8.0\Editor\VisualScripting.Core\Dependencies\DotNetZip\Unity.VisualScripting.IonicZip.dll
Native extension for WindowsStandalone target not found
Native extension for WebGL target not found
Refreshing native plugins compatible for Editor in 0.66 ms, found 3 plugins.
Preloading 0 native plugins for Editor in 0.00 ms.
Mono: successfully reloaded assembly
- Completed reload, in  1.073 seconds
Domain Reload Profiling:
	ReloadAssembly (1074ms)
		BeginReloadAssembly (119ms)
			ExecutionOrderSort (0ms)
			DisableScriptedObjects (6ms)
			BackupInstance (0ms)
			ReleaseScriptingObjects (0ms)
			CreateAndSetChildDomain (20ms)
		EndReloadAssembly (842ms)
			LoadAssemblies (97ms)
			RebuildTransferFunctionScriptingTraits (0ms)
			SetupTypeCache (302ms)
			ReleaseScriptCaches (1ms)
			RebuildScriptCaches (60ms)
			SetupLoadedEditorAssemblies (357ms)
				LogAssemblyErrors (0ms)
				InitializePlatformSupportModulesInManaged (5ms)
				SetLoadedEditorAssemblies (0ms)
				RefreshPlugins (1ms)
				BeforeProcessingInitializeOnLoad (81ms)
				ProcessInitializeOnLoadAttributes (242ms)
				ProcessInitializeOnLoadMethodAttributes (24ms)
				AfterProcessingInitializeOnLoad (3ms)
				EditorAssembliesLoaded (0ms)
			ExecutionOrderSort2 (0ms)
			AwakeInstancesAfterBackupRestoration (8ms)
Platform modules already initialized, skipping
========================================================================
Worker process is ready to serve import requests
Launched and connected shader compiler UnityShaderCompiler.exe after 0.04 seconds
Refreshing native plugins compatible for Editor in 0.83 ms, found 3 plugins.
Preloading 0 native plugins for Editor in 0.00 ms.
Unloading 3299 Unused Serialized files (Serialized files now loaded: 0)
Unloading 29 unused Assets / (0.7 MB). Loaded Objects now: 3761.
Memory consumption went from 122.2 MB to 121.5 MB.
Total: 3.306700 ms (FindLiveObjects: 0.384700 ms CreateObjectMapping: 0.230400 ms MarkObjects: 2.399200 ms  DeleteObjects: 0.291100 ms)

AssetImportParameters requested are different than current active one (requested -> active):
  custom:video-decoder-ogg-theora: a1e56fd34408186e4bbccfd4996cb3dc -> 
  custom:container-muxer-webm: aa71ff27fc2769a1b78a27578f13a17b -> 
  custom:container-demuxer-webm: 4f35f7cbe854078d1ac9338744f61a02 -> 
  custom:video-encoder-webm-vp8: eb34c28f22e8b96e1ab97ce403110664 -> 
  custom:video-codec-MediaFoundation-h265: 746d11721c4dcdbdad8f713fa42b33f4 -> 
  custom:audio-encoder-webm-vorbis: bf7c407c2cedff20999df2af8eb42d56 -> 
  custom:framework-win-MediaFoundation: 216162199b28c13a410421893ffa2e32 -> 
  custom:container-demuxer-ogg: 62fdf1f143b41e24485cea50d1cbac27 -> 
  custom:video-decoder-webm-vp8: 9c59270c3fd7afecdb556c50c9e8de78 -> 
  custom:audio-decoder-ogg-vorbis: bf7c407c2cedff20999df2af8eb42d56 -> 
========================================================================
Received Import Request.
  Time since last request: 456843.803178 seconds.
  path: Assets/Resources/Player.prefab
  artifactKey: Guid(1ee82965d8208f84280d93e3a93aa21e) Importer(815301076,1909f56bfc062723c751e8b465ee728b)
Start importing Assets/Resources/Player.prefab using Guid(1ee82965d8208f84280d93e3a93aa21e) Importer(815301076,1909f56bfc062723c751e8b465ee728b)  -> (artifact id: '8e90da72bf24169f9a511a5079408290') in 0.146747 seconds 
========================================================================
Received Import Request.
  Time since last request: 39.219736 seconds.
  path: Assets/Resources/Player.prefab
  artifactKey: Guid(1ee82965d8208f84280d93e3a93aa21e) Importer(815301076,1909f56bfc062723c751e8b465ee728b)
Start importing Assets/Resources/Player.prefab using Guid(1ee82965d8208f84280d93e3a93aa21e) Importer(815301076,1909f56bfc062723c751e8b465ee728b)  -> (artifact id: 'b370e861b20cfe85ff56b39439a4df88') in 0.018371 seconds 
========================================================================
Received Import Request.
  Time since last request: 4.212767 seconds.
  path: Assets/Resources/Player.prefab
  artifactKey: Guid(1ee82965d8208f84280d93e3a93aa21e) Importer(815301076,1909f56bfc062723c751e8b465ee728b)
Start importing Assets/Resources/Player.prefab using Guid(1ee82965d8208f84280d93e3a93aa21e) Importer(815301076,1909f56bfc062723c751e8b465ee728b)  -> (artifact id: 'c38017d1a9d1b681160f4140e613cef2') in 0.017454 seconds 
========================================================================
Received Import Request.
  Time since last request: 4.358819 seconds.
  path: Assets/Resources/Player.prefab
  artifactKey: Guid(1ee82965d8208f84280d93e3a93aa21e) Importer(815301076,1909f56bfc062723c751e8b465ee728b)
Start importing Assets/Resources/Player.prefab using Guid(1ee82965d8208f84280d93e3a93aa21e) Importer(815301076,1909f56bfc062723c751e8b465ee728b)  -> (artifact id: '72ec44961a1377adc6275e9a9b395fdd') in 0.015901 seconds 
========================================================================
Received Import Request.
  Time since last request: 4.432943 seconds.
  path: Assets/Resources/Player.prefab
  artifactKey: Guid(1ee82965d8208f84280d93e3a93aa21e) Importer(815301076,1909f56bfc062723c751e8b465ee728b)
Start importing Assets/Resources/Player.prefab using Guid(1ee82965d8208f84280d93e3a93aa21e) Importer(815301076,1909f56bfc062723c751e8b465ee728b)  -> (artifact id: 'c2f90f6e9600d1f9b90577445bbc28b0') in 0.018006 seconds 
========================================================================
Received Import Request.
  Time since last request: 6.593325 seconds.
  path: Assets/Resources/Player.prefab
  artifactKey: Guid(1ee82965d8208f84280d93e3a93aa21e) Importer(815301076,1909f56bfc062723c751e8b465ee728b)
Start importing Assets/Resources/Player.prefab using Guid(1ee82965d8208f84280d93e3a93aa21e) Importer(815301076,1909f56bfc062723c751e8b465ee728b)  -> (artifact id: 'f160201398da6e7eb2bcbe196e9997ee') in 0.027342 seconds 
========================================================================
Received Import Request.
  Time since last request: 14.408063 seconds.
  path: Assets/Resources/GameObject.prefab
  artifactKey: Guid(5a53da6ed2e03b448816dd8d33457741) Importer(815301076,1909f56bfc062723c751e8b465ee728b)
Start importing Assets/Resources/GameObject.prefab using Guid(5a53da6ed2e03b448816dd8d33457741) Importer(815301076,1909f56bfc062723c751e8b465ee728b)  -> (artifact id: '8fb4c4c343c7a81849572018a68716e6') in 0.007606 seconds 
========================================================================
Received Import Request.
  Time since last request: 6.228735 seconds.
  path: Assets/Resources/GameObject.prefab
  artifactKey: Guid(5a53da6ed2e03b448816dd8d33457741) Importer(815301076,1909f56bfc062723c751e8b465ee728b)
Start importing Assets/Resources/GameObject.prefab using Guid(5a53da6ed2e03b448816dd8d33457741) Importer(815301076,1909f56bfc062723c751e8b465ee728b)  -> (artifact id: 'f205b6d661a1f9f106559f7abbbf36d6') in 0.023930 seconds 
